<?xml version="1.0" encoding="UTF-8"?>
<!-- Generated by org.testng.reporters.JUnitReportReporter -->
<testsuite hostname="LIN41005967" failures="0" tests="3" name="testrunner.Checkout_page_scenario_outlines_TestRunner" time="96.089" errors="0" timestamp="2023-06-07T19:11:35 IST" skipped="0">
  <testcase classname="testrunner.Checkout_page_scenario_outlines_TestRunner" name="runScenario" time="30.683"/>
  <system-out/>
  <testcase classname="testrunner.Checkout_page_scenario_outlines_TestRunner" name="runScenario" time="31.930"/>
  <system-out/>
  <testcase classname="testrunner.Checkout_page_scenario_outlines_TestRunner" name="runScenario" time="33.476"/>
  <system-out/>
</testsuite> <!-- testrunner.Checkout_page_scenario_outlines_TestRunner -->
