<?xml version="1.0" encoding="UTF-8"?>
<!-- Generated by org.testng.reporters.JUnitReportReporter -->
<testsuite hostname="LIN41005967" failures="0" tests="4" name="testrunner.Checkout_page_scenario_TestRunner" time="164.914" errors="0" timestamp="2023-06-08T11:09:55 IST" skipped="0">
  <testcase classname="testrunner.Checkout_page_scenario_TestRunner" name="runScenario" time="43.555"/>
  <system-out/>
  <testcase classname="testrunner.Checkout_page_scenario_TestRunner" name="runScenario" time="29.449"/>
  <system-out/>
  <testcase classname="testrunner.Checkout_page_scenario_TestRunner" name="runScenario" time="51.335"/>
  <system-out/>
  <testcase classname="testrunner.Checkout_page_scenario_TestRunner" name="runScenario" time="40.575"/>
  <system-out/>
</testsuite> <!-- testrunner.Checkout_page_scenario_TestRunner -->
