<?xml version="1.0" encoding="UTF-8"?>
<!-- Generated by org.testng.reporters.JUnitReportReporter -->
<testsuite hostname="LIN41005967" failures="0" tests="2" name="testrunner.Checkout_TestRunner_Excel" time="66.404" errors="0" timestamp="2023-06-06T16:02:36 IST" skipped="0">
  <testcase classname="testrunner.Checkout_TestRunner_Excel" name="runScenario" time="33.685"/>
  <system-out/>
  <testcase classname="testrunner.Checkout_TestRunner_Excel" name="runScenario" time="32.719"/>
  <system-out/>
</testsuite> <!-- testrunner.Checkout_TestRunner_Excel -->
