<?xml version="1.0" encoding="UTF-8"?>
<!-- Generated by org.testng.reporters.JUnitReportReporter -->
<testsuite hostname="LIN41005967" failures="0" tests="3" name="testrunner.Checkout_page_scenario_outlines_TestRunner" time="92.993" errors="0" timestamp="2023-06-08T10:52:54 IST" skipped="0">
  <testcase classname="testrunner.Checkout_page_scenario_outlines_TestRunner" name="runScenario" time="32.629"/>
  <system-out/>
  <testcase classname="testrunner.Checkout_page_scenario_outlines_TestRunner" name="runScenario" time="31.223"/>
  <system-out/>
  <testcase classname="testrunner.Checkout_page_scenario_outlines_TestRunner" name="runScenario" time="29.141"/>
  <system-out/>
</testsuite> <!-- testrunner.Checkout_page_scenario_outlines_TestRunner -->
