<?xml version="1.0" encoding="UTF-8"?>
<!-- Generated by org.testng.reporters.JUnitReportReporter -->
<testsuite hostname="LIN41005967" failures="0" tests="4" name="testrunner.Checkout_page_scenario_TestRunner" time="155.126" errors="0" timestamp="2023-06-08T10:52:54 IST" skipped="0">
  <testcase classname="testrunner.Checkout_page_scenario_TestRunner" name="runScenario" time="41.376"/>
  <system-out/>
  <testcase classname="testrunner.Checkout_page_scenario_TestRunner" name="runScenario" time="38.163"/>
  <system-out/>
  <testcase classname="testrunner.Checkout_page_scenario_TestRunner" name="runScenario" time="49.384"/>
  <system-out/>
  <testcase classname="testrunner.Checkout_page_scenario_TestRunner" name="runScenario" time="26.203"/>
  <system-out/>
</testsuite> <!-- testrunner.Checkout_page_scenario_TestRunner -->
